<?xml version="1.0" encoding="UTF-8"?>
<!-- Generated by org.testng.reporters.JUnitReportReporter -->
<testsuite hostname="ITCRLPT599" failures="0" tests="1" name="com.Checkedin.testcases.dbtesting" time="9.880" errors="0" timestamp="2022-05-26T17:53:43 IST" skipped="0">
  <testcase classname="com.Checkedin.testcases.dbtesting" name="testDB" time="9.880"/>
  <system-out/>
</testsuite> <!-- com.Checkedin.testcases.dbtesting -->
