<?xml version="1.0" encoding="UTF-8"?>
<!-- Generated by org.testng.reporters.JUnitReportReporter -->
<testsuite hostname="ITCRLPT599" failures="0" tests="1" name="com.Checkedin.testcases.TC_LoginDDT_003" time="16.193" errors="0" timestamp="2022-05-27T11:02:36 IST" skipped="0">
  <testcase classname="com.Checkedin.testcases.TC_LoginDDT_003" name="LoginDDT" time="16.193"/>
  <system-out/>
</testsuite> <!-- com.Checkedin.testcases.TC_LoginDDT_003 -->
