<?xml version="1.0" encoding="UTF-8"?>
<!-- Generated by org.testng.reporters.JUnitReportReporter -->
<testsuite hostname="ITCRLPT599" failures="0" tests="2" name="com.Checkedin.testcases.Tc_AddNewCustomer_004" time="44.938" errors="0" timestamp="2022-05-27T11:02:36 IST" skipped="0">
  <testcase classname="com.Checkedin.testcases.Tc_AddNewCustomer_004" name="Login" time="44.173"/>
  <system-out/>
  <testcase classname="com.Checkedin.testcases.Tc_AddNewCustomer_004" name="AddNewCustomer" time="0.765"/>
  <system-out/>
</testsuite> <!-- com.Checkedin.testcases.Tc_AddNewCustomer_004 -->
