<?xml version="1.0" encoding="UTF-8"?>
<!-- Generated by org.testng.reporters.JUnitReportReporter -->
<testsuite hostname="ITCRLPT599" failures="0" tests="2" name="com.Checkedin.testcases.TC_AddWebsite_002" time="44.370" errors="0" timestamp="2022-05-27T11:02:36 IST" skipped="0">
  <testcase classname="com.Checkedin.testcases.TC_AddWebsite_002" name="Login" time="18.843"/>
  <system-out/>
  <testcase classname="com.Checkedin.testcases.TC_AddWebsite_002" name="AddingNewSite" time="25.527"/>
  <system-out/>
</testsuite> <!-- com.Checkedin.testcases.TC_AddWebsite_002 -->
