<?xml version="1.0" encoding="UTF-8"?>
<!-- Generated by org.testng.reporters.JUnitReportReporter -->
<testsuite hostname="ITCRLPT599" failures="0" tests="2" name="com.Checkedin.testcases.TC_AddWebsite_002" time="21.542" errors="0" timestamp="2022-05-23T22:40:50 IST" skipped="0">
  <testcase classname="com.Checkedin.testcases.TC_AddWebsite_002" name="Login" time="16.668"/>
  <system-out/>
  <testcase classname="com.Checkedin.testcases.TC_AddWebsite_002" name="AddingNewSite" time="4.874"/>
  <system-out/>
</testsuite> <!-- com.Checkedin.testcases.TC_AddWebsite_002 -->
