<?xml version="1.0" encoding="UTF-8"?>
<!-- Generated by org.testng.reporters.JUnitReportReporter -->
<testsuite hostname="ITCRLPT599" failures="0" tests="1" name="com.Checkedin.testcases.TC_LoginDDT_003" time="14.660" errors="0" timestamp="2022-05-23T22:40:49 IST" skipped="0">
  <testcase classname="com.Checkedin.testcases.TC_LoginDDT_003" name="LoginDDT" time="14.660"/>
  <system-out/>
</testsuite> <!-- com.Checkedin.testcases.TC_LoginDDT_003 -->
